Arguments: 
  C:\Program Files\nodejs\node.exe C:\Program Files (x86)\Yarn\bin\yarn.js start

PATH: 
  C:\Program Files\PostgreSQL\10\bin;C:\Program Files (x86)\Yarn\bin;C:\Program Files\nodejs;C:\Users\Ibraheem_Nayaya\AppData\Roaming\npm;C:\Program Files\Git\bin;C:\Program Files\PostgreSQL\10\bin;C:\Program Files (x86)\Yarn\bin;C:\Program Files\nodejs;C:\Users\Ibraheem_Nayaya\AppData\Roaming\npm;C:\Program Files\Git\bin

Yarn version: 
  1.5.1

Node version: 
  10.15.1

Platform: 
  win32 x64

npm manifest: 
  {
    "name": "face-detection-app",
    "version": "1.0.0",
    "description": "",
    "main": "index.js",
   "scripts": {
   "client": "cd client && yarn start",
   "server": "cd server && yarn dev",
   "start": "concurrently \"npm run client\" \"npm run server\""
   },
    "repository": {
      "type": "git",
      "url": "git+https://github.com/nayaya25/face-detection-app.git"
    },
    "keywords": [],
    "author": "",
    "license": "ISC",
    "bugs": {
      "url": "https://github.com/nayaya25/face-detection-app/issues"
    },
    "homepage": "https://github.com/nayaya25/face-detection-app#readme",
    "devDependencies": {
      "concurrently": "^4.1.0"
    }
  }

yarn manifest: 
  No manifest

Lockfile: 
  No lockfile

Trace: 
  Error: Command failed.
  Exit code: 1
  Command: C:\Windows\system32\cmd.exe
  Arguments: /d /s /c concurrently "npm run client" "npm run server"
  Directory: C:\Users\Ibraheem_Nayaya\Desktop\MyProjects\face-detection-app
  Output:
  
      at ProcessTermError.MessageError (C:\Program Files (x86)\Yarn\lib\cli.js:186:110)
      at new ProcessTermError (C:\Program Files (x86)\Yarn\lib\cli.js:226:113)
      at ChildProcess.<anonymous> (C:\Program Files (x86)\Yarn\lib\cli.js:30281:17)
      at ChildProcess.emit (events.js:189:13)
      at maybeClose (internal/child_process.js:970:16)
      at Process.ChildProcess._handle.onexit (internal/child_process.js:259:5)
